https://bobesfanjishop.com/product/%d8%b9%db%8c%d9%86%da%a9-%d8%b7%d8%a8%db%8c-%d9%85%d8%b1%d8%af%d8%a7%d9%86%d9%87-%d9%85%d8%b4%da%a9%db%8c-%d9%85%d8%af%d9%84-%d9%be%d9%88%d8%b1%d8%b4%d9%87/
https://bobesfanjishop.com/product/%d8%b9%db%8c%d9%86%da%a9-%d8%b7%d8%a8%db%8c-%d9%85%d8%b1%d8%af%d8%a7%d9%86%d9%87-%d9%82%d8%b1%d9%85%d8%b2-%d9%85%d8%af%d9%84-%d9%be%d9%84%db%8c%d8%b3/
https://bobesfanjishop.com/product/%d8%b9%db%8c%d9%86%da%a9-%d8%b7%d8%a8%db%8c-%d9%85%d8%b1%d8%af%d8%a7%d9%86%d9%87-%d9%82%d8%b1%d9%85%d8%b2/
https://bobesfanjishop.com/product/fendi-brand-gold-metallic-oval-medical-glasses/
https://bobesfanjishop.com/product/%d8%b9%db%8c%d9%86%da%a9-%d8%b7%d8%a8%db%8c-%d9%85%d8%b1%d8%af%d8%a7%d9%86%d9%87-%d9%85%d8%af%d9%84-blue-cut-porsche/
https://bobesfanjishop.com/product/hugo-boss-mens-round-prescription-glasses/
https://bobesfanjishop.com/product/%d8%b9%db%8c%d9%86%da%a9-%d8%b7%d8%a8%db%8c-%d8%a8%d8%b1%d9%86%d8%af-gentle-monster-%d8%a7%d8%b3%d9%be%d8%b1%d8%aa-%db%8c%d9%88%d9%88%db%8c-%db%b4%db%b0%db%b0/
https://bobesfanjishop.com/product/%d8%b9%db%8c%d9%86%da%a9-%d8%b7%d8%a8%db%8c-%d9%85%d8%b1%d8%af%d8%a7%d9%86%d9%87-%d9%85%d8%af%d9%84-rayban-%db%8c%d9%88%d9%88%db%8c-400/
https://bobesfanjishop.com/product/mens-prescription-glasses-rectangular-model/
https://bobesfanjishop.com/product/crimson-round-medical-glasses-for-girls/
https://bobesfanjishop.com/product/%d8%b9%db%8c%d9%86%da%a9-%d8%a2%d9%81%d8%aa%d8%a7%d8%a8%db%8c-%d8%a8%d8%b1%d9%86%d8%af-prada-%d8%b2%d9%86%d8%a7%d9%86%d9%87-%d8%b3%d9%81%db%8c%d8%af-%db%8c%d9%88%d9%88%db%8c-%db%b4%db%b0%db%b0/
https://bobesfanjishop.com/product/%d8%b9%db%8c%d9%86%da%a9-%d8%a2%d9%81%d8%aa%d8%a7%d8%a8%db%8c-%d8%a8%d8%b1%d9%86%d8%af-chanel-%d8%b2%d9%86%d8%a7%d9%86%d9%87-%d9%85%d8%b4%da%a9%db%8c-%da%a9%d9%84%d8%a7%d8%b3%db%8c%da%a9-%db%8c%d9%88/
https://bobesfanjishop.com/product/%d8%b9%db%8c%d9%86%da%a9-%d8%a2%d9%81%d8%aa%d8%a7%d8%a8%db%8c-%d8%a8%d8%b1%d9%86%d8%af-chanel-%d8%b2%d9%86%d8%a7%d9%86%d9%87-%da%a9%d8%b1%d9%85%db%8c-%d8%af%d9%88%d8%af%db%8c-%d8%aa%d8%b1%d9%86%d8%af/
https://bobesfanjishop.com/product/%d8%b9%db%8c%d9%86%da%a9-%d8%a2%d9%81%d8%aa%d8%a7%d8%a8%db%8c-%d8%a8%d8%b1%d9%86%d8%af-prada-%d8%b2%d9%86%d8%a7%d9%86%d9%87-%d8%b3%d8%a8%d8%b2-%db%8c%d9%88%d9%88%db%8c-%db%b4%db%b0%db%b0/
https://bobesfanjishop.com/product/%d8%b9%db%8c%d9%86%da%a9-%d8%a2%d9%81%d8%aa%d8%a7%d8%a8%db%8c-%d8%a8%d8%b1%d9%86%d8%af-prada-%d8%b2%d9%86%d8%a7%d9%86%d9%87-%d9%85%d8%b4%da%a9%db%8c-%db%8c%d9%88%d9%88%db%8c-%db%b4%db%b0%db%b0/
https://bobesfanjishop.com/product/%d8%b9%db%8c%d9%86%da%a9-%d8%a2%d9%81%d8%aa%d8%a7%d8%a8%db%8c-%d8%a8%d8%b1%d9%86%d8%af-fendi-%d8%b2%d9%86%d8%a7%d9%86%d9%87-%d8%b4%da%a9%d9%84%d8%a7%d8%aa%db%8c-%db%8c%d9%88%d9%88%db%8c-400/
https://bobesfanjishop.com/product/%d8%a8%d8%b3%d8%aa%d9%87-%d8%b9%d9%85%d8%af%d9%87-2000-%d8%b9%d8%af%d8%af%db%8c/
https://bobesfanjishop.com/product/%d8%a8%d8%b3%d8%aa%d9%87-%d8%b9%d9%85%d8%af%d9%87-1750-%d8%b9%d8%af%d8%af%db%8c/
https://bobesfanjishop.com/product/%d8%b9%db%8c%d9%86%da%a9-%d8%a2%d9%81%d8%aa%d8%a7%d8%a8%db%8c-%d8%a8%d8%b1%d9%86%d8%af-prada-%d8%b2%d9%86%d8%a7%d9%86%d9%87-%da%af%d9%84%d8%a8%d9%87%db%8c-%db%8c%d9%88%d9%88%db%8c-%db%b4%db%b0%db%b0/
https://bobesfanjishop.com/product/%d8%b9%db%8c%d9%86%da%a9-%d8%a2%d9%81%d8%aa%d8%a7%d8%a8%db%8c-%d8%a8%d8%b1%d9%86%d8%af-chanel-%d8%b2%d9%86%d8%a7%d9%86%d9%87-%da%af%d9%84%d8%a8%d9%87%db%8c-%db%8c%d9%88%d9%88%db%8c-%db%b4%db%b0%db%b0/
